AEON sequence: [Planet Name: EARTH
Own gravity parameter: 398600441800000
Central body gravity parameter: 1.32712440018e+20
Planet radius: 6378137
Planet safe radius: 7015950.7000000002
Target planet: EARTH BARYCENTER
Observer: SUN
Reference frame: ECLIPJ2000
Aberrations: NONE
Ephemerides type: SPICE Toolbox
, Planet Name: VENUS
Own gravity parameter: 324858592000000
Central body gravity parameter: 1.32712440018e+20
Planet radius: 6052000
Planet safe radius: 6657200.0000000009
Target planet: VENUS BARYCENTER
Observer: SUN
Reference frame: ECLIPJ2000
Aberrations: NONE
Ephemerides type: SPICE Toolbox
, Planet Name: VENUS
Own gravity parameter: 324858592000000
Central body gravity parameter: 1.32712440018e+20
Planet radius: 6052000
Planet safe radius: 6657200.0000000009
Target planet: VENUS BARYCENTER
Observer: SUN
Reference frame: ECLIPJ2000
Aberrations: NONE
Ephemerides type: SPICE Toolbox
, Planet Name: EARTH
Own gravity parameter: 398600441800000
Central body gravity parameter: 1.32712440018e+20
Planet radius: 6378137
Planet safe radius: 7015950.7000000002
Target planet: EARTH BARYCENTER
Observer: SUN
Reference frame: ECLIPJ2000
Aberrations: NONE
Ephemerides type: SPICE Toolbox
, Planet Name: JUPITER
Own gravity parameter: 1.267127641e+17
Central body gravity parameter: 1.32712440018e+20
Planet radius: 69911000
Planet safe radius: 76902100
Target planet: JUPITER BARYCENTER
Observer: SUN
Reference frame: ECLIPJ2000
Aberrations: NONE
Ephemerides type: SPICE Toolbox
, Planet Name: SATURN
Own gravity parameter: 37940584841800000
Central body gravity parameter: 1.32712440018e+20
Planet radius: 58232000
Planet safe radius: 64055200.000000007
Target planet: SATURN BARYCENTER
Observer: SUN
Reference frame: ECLIPJ2000
Aberrations: NONE
Ephemerides type: SPICE Toolbox
] de cpp -> cma cpp
64.38 1244 96 80147 0.000000 inf 0 1 [] [-966.2021093101313, 0.10634031180693691, 1.0, 3746.3190931170625, 0.169559476429412, 0.907048401880474, -4.759720975062123, 8.725047948505281, 0.8204677138099631, 0.4046983546373632, -0.5956077729770204, 4.708384074733765, 0.1636884363096502, 0.7115172288286629, -0.1309580358043423, 272.1742366360496, 0.16769767227352642, 0.31415248798062506, 3.7119959297562772, 136.99336953837135, 0.44414051349496847, 0.33071582179653347]
AEON sequence: [Planet Name: EARTH
Own gravity parameter: 398600441800000
Central body gravity parameter: 1.32712440018e+20
Planet radius: 6378137
Planet safe radius: 7015950.7000000002
Target planet: EARTH BARYCENTER
Observer: SUN
Reference frame: ECLIPJ2000
Aberrations: NONE
Ephemerides type: SPICE Toolbox
, Planet Name: VENUS
Own gravity parameter: 324858592000000
Central body gravity parameter: 1.32712440018e+20
Planet radius: 6052000
Planet safe radius: 6657200.0000000009
Target planet: VENUS BARYCENTER
Observer: SUN
Reference frame: ECLIPJ2000
Aberrations: NONE
Ephemerides type: SPICE Toolbox
, Planet Name: VENUS
Own gravity parameter: 324858592000000
Central body gravity parameter: 1.32712440018e+20
Planet radius: 6052000
Planet safe radius: 6657200.0000000009
Target planet: VENUS BARYCENTER
Observer: SUN
Reference frame: ECLIPJ2000
Aberrations: NONE
Ephemerides type: SPICE Toolbox
, Planet Name: EARTH
Own gravity parameter: 398600441800000
Central body gravity parameter: 1.32712440018e+20
Planet radius: 6378137
Planet safe radius: 7015950.7000000002
Target planet: EARTH BARYCENTER
Observer: SUN
Reference frame: ECLIPJ2000
Aberrations: NONE
Ephemerides type: SPICE Toolbox
, Planet Name: JUPITER
Own gravity parameter: 1.267127641e+17
Central body gravity parameter: 1.32712440018e+20
Planet radius: 69911000
Planet safe radius: 76902100
Target planet: JUPITER BARYCENTER
Observer: SUN
Reference frame: ECLIPJ2000
Aberrations: NONE
Ephemerides type: SPICE Toolbox
, Planet Name: SATURN
Own gravity parameter: 37940584841800000
Central body gravity parameter: 1.32712440018e+20
Planet radius: 58232000
Planet safe radius: 64055200.000000007
Target planet: SATURN BARYCENTER
Observer: SUN
Reference frame: ECLIPJ2000
Aberrations: NONE
Ephemerides type: SPICE Toolbox
] de cpp -> cma cpp
AEON sequence: [Planet Name: EARTH
Own gravity parameter: 398600441800000
Central body gravity parameter: 1.32712440018e+20
Planet radius: 6378137
Planet safe radius: 7015950.7000000002
Target planet: EARTH BARYCENTER
Observer: SUN
Reference frame: ECLIPJ2000
Aberrations: NONE
Ephemerides type: SPICE Toolbox
, Planet Name: VENUS
Own gravity parameter: 324858592000000
Central body gravity parameter: 1.32712440018e+20
Planet radius: 6052000
Planet safe radius: 6657200.0000000009
Target planet: VENUS BARYCENTER
Observer: SUN
Reference frame: ECLIPJ2000
Aberrations: NONE
Ephemerides type: SPICE Toolbox
, Planet Name: VENUS
Own gravity parameter: 324858592000000
Central body gravity parameter: 1.32712440018e+20
Planet radius: 6052000
Planet safe radius: 6657200.0000000009
Target planet: VENUS BARYCENTER
Observer: SUN
Reference frame: ECLIPJ2000
Aberrations: NONE
Ephemerides type: SPICE Toolbox
, Planet Name: EARTH
Own gravity parameter: 398600441800000
Central body gravity parameter: 1.32712440018e+20
Planet radius: 6378137
Planet safe radius: 7015950.7000000002
Target planet: EARTH BARYCENTER
Observer: SUN
Reference frame: ECLIPJ2000
Aberrations: NONE
Ephemerides type: SPICE Toolbox
, Planet Name: JUPITER
Own gravity parameter: 1.267127641e+17
Central body gravity parameter: 1.32712440018e+20
Planet radius: 69911000
Planet safe radius: 76902100
Target planet: JUPITER BARYCENTER
Observer: SUN
Reference frame: ECLIPJ2000
Aberrations: NONE
Ephemerides type: SPICE Toolbox
, Planet Name: SATURN
Own gravity parameter: 37940584841800000
Central body gravity parameter: 1.32712440018e+20
Planet radius: 58232000
Planet safe radius: 64055200.000000007
Target planet: SATURN BARYCENTER
Observer: SUN
Reference frame: ECLIPJ2000
Aberrations: NONE
Ephemerides type: SPICE Toolbox
] de cpp -> cma cpp
5.98 145 1 868 inf inf 0 1 [] [0.0, 0.0, 0.0, 0.0, 0.0, 0.0, 0.0, 0.0, 0.0, 0.0, 0.0, 0.0, 0.0, 0.0, 0.0, 0.0, 0.0, 0.0, 0.0, 0.0, 0.0, 0.0]
6.04 143 1 868 inf inf 0 1 [] [0.0, 0.0, 0.0, 0.0, 0.0, 0.0, 0.0, 0.0, 0.0, 0.0, 0.0, 0.0, 0.0, 0.0, 0.0, 0.0, 0.0, 0.0, 0.0, 0.0, 0.0, 0.0]
6.29 137 1 868 inf inf 0 1 [] [0.0, 0.0, 0.0, 0.0, 0.0, 0.0, 0.0, 0.0, 0.0, 0.0, 0.0, 0.0, 0.0, 0.0, 0.0, 0.0, 0.0, 0.0, 0.0, 0.0, 0.0, 0.0]
AEON sequence: [Planet Name: earth
Own gravity parameter: 398600441800000
Central body gravity parameter: 1.32712440018e+20
Planet radius: 6378000
Planet safe radius: 7015800.0000000009
Ephemerides type: JPL low-precision
, Planet Name: venus
Own gravity parameter: 324859000000000
Central body gravity parameter: 1.32712440018e+20
Planet radius: 6052000
Planet safe radius: 6657200.0000000009
Ephemerides type: JPL low-precision
, Planet Name: venus
Own gravity parameter: 324859000000000
Central body gravity parameter: 1.32712440018e+20
Planet radius: 6052000
Planet safe radius: 6657200.0000000009
Ephemerides type: JPL low-precision
, Planet Name: earth
Own gravity parameter: 398600441800000
Central body gravity parameter: 1.32712440018e+20
Planet radius: 6378000
Planet safe radius: 7015800.0000000009
Ephemerides type: JPL low-precision
, Planet Name: jupiter
Own gravity parameter: 1.26686534e+17
Central body gravity parameter: 1.32712440018e+20
Planet radius: 71492000
Planet safe radius: 643428000
Ephemerides type: JPL low-precision
, Planet Name: saturn
Own gravity parameter: 37931187000000000
Central body gravity parameter: 1.32712440018e+20
Planet radius: 60330000
Planet safe radius: 66363000.000000007
Ephemerides type: JPL low-precision
] de cpp -> cma cpp
0.41 3797 1 1557 29817.966471 inf 0 1 [] [-966.6302719686196, 0.5110638238025389, 0.9396852022482212, 4062.653889405489, 0.3055645521369255, 0.16826472380359464, 5.168373221312639, 80.18598990358407, 0.6274639692571345, 0.09478382757847126, 4.586144790252163, 173.29588601556344, 0.19293668932223412, 0.06318052719222444, -0.6006084579062887, 130.88813082471327, 0.41330342561048666, 0.3740169559719261, -2.0209775728809483, 257.6912866564624, 0.06173748937119855, 0.9618627405210367]
4.87 319 1 1557 29817.966471 inf 1 1 [29817.97] [-966.6302719686196, 0.5110638238025389, 0.9396852022482212, 4062.653889405489, 0.3055645521369255, 0.16826472380359464, 5.168373221312639, 80.18598990358407, 0.6274639692571345, 0.09478382757847126, 4.586144790252163, 173.29588601556344, 0.19293668932223412, 0.06318052719222444, -0.6006084579062887, 130.88813082471327, 0.41330342561048666, 0.3740169559719261, -2.0209775728809483, 257.6912866564624, 0.06173748937119855, 0.9618627405210367]
-3.49 -436 1 1525 37352.491113 inf 0 1 [] [-734.5755773045737, 0.4050874978124554, 0.5263035203266502, 5096.204457287904, 0.34922802691574034, 0.10168804507315132, 5.986418973094835, 283.2001691618523, 0.6354573031490389, 0.21173976380449216, -6.264904252236067, 124.95099399876523, 0.37270544026264585, 0.07918375640499159, 5.796373310543646, 281.5141179129845, 0.04857329874410152, 0.4618957929368429, 4.918813745427313, 28.318718284111355, 0.013341870230967974, 0.9805053104503435]
5.8 262 1 1525 37352.491113 inf 1 1 [37352.49] [-734.5755773045737, 0.4050874978124554, 0.5263035203266502, 5096.204457287904, 0.34922802691574034, 0.10168804507315132, 5.986418973094835, 283.2001691618523, 0.6354573031490389, 0.21173976380449216, -6.264904252236067, 124.95099399876523, 0.37270544026264585, 0.07918375640499159, 5.796373310543646, 281.5141179129845, 0.04857329874410152, 0.4618957929368429, 4.918813745427313, 28.318718284111355, 0.013341870230967974, 0.9805053104503435]
-10.15 -153 1 1561 43916.267916 inf 0 1 [] [-986.0499725040734, 0.2108038168128744, 0.0, 3963.214397363145, 0.7410326912402437, 0.08675662345630347, -4.35460168809179, 94.68515062925414, 0.06866150450210867, 0.0010000000000000009, 2.1362671734217886, 153.1779312104957, 0.5304854642235053, 0.2806250131354565, 2.246125611091409, 229.37097161093834, 0.1266209817836388, 0.2848519637350766, 5.161319602271728, 80.92406964712917, 0.1252011111796975, 0.871439800738659]
4.97 314 1 1561 43916.267916 inf 1 1 [43916.27] [-986.0499725040734, 0.2108038168128744, 0.0, 3963.214397363145, 0.7410326912402437, 0.08675662345630347, -4.35460168809179, 94.68515062925414, 0.06866150450210867, 0.0010000000000000009, 2.1362671734217886, 153.1779312104957, 0.5304854642235053, 0.2806250131354565, 2.246125611091409, 229.37097161093834, 0.1266209817836388, 0.2848519637350766, 5.161319602271728, 80.92406964712917, 0.1252011111796975, 0.871439800738659]
AEON sequence: [Planet Name: earth
Own gravity parameter: 398600441800000
Central body gravity parameter: 1.32712440018e+20
Planet radius: 6378000
Planet safe radius: 7015800.0000000009
Ephemerides type: JPL low-precision
, Planet Name: venus
Own gravity parameter: 324859000000000
Central body gravity parameter: 1.32712440018e+20
Planet radius: 6052000
Planet safe radius: 6657200.0000000009
Ephemerides type: JPL low-precision
, Planet Name: venus
Own gravity parameter: 324859000000000
Central body gravity parameter: 1.32712440018e+20
Planet radius: 6052000
Planet safe radius: 6657200.0000000009
Ephemerides type: JPL low-precision
, Planet Name: earth
Own gravity parameter: 398600441800000
Central body gravity parameter: 1.32712440018e+20
Planet radius: 6378000
Planet safe radius: 7015800.0000000009
Ephemerides type: JPL low-precision
, Planet Name: jupiter
Own gravity parameter: 1.26686534e+17
Central body gravity parameter: 1.32712440018e+20
Planet radius: 71492000
Planet safe radius: 643428000
Ephemerides type: JPL low-precision
, Planet Name: saturn
Own gravity parameter: 37931187000000000
Central body gravity parameter: 1.32712440018e+20
Planet radius: 60330000
Planet safe radius: 66363000.000000007
Ephemerides type: JPL low-precision
] de cpp -> cma cpp
2.72 568 1 1545 34018.352446 inf 0 1 [] [-1084.766199406099, 0.8627235184287178, 0.4948803394925569, 7896.753740590524, 0.41085169457789456, 0.13141173587551253, -0.32959421005373013, 1.1000000000000227, 0.2246402094898629, 0.09007710699397858, 4.870209507655848, 75.0829681019723, 0.480364397459464, 0.18267814024281248, 0.7639548139457242, 43.450344712708585, 0.4782307951884715, 0.3451235626975582, -4.685839160174817, 258.92040565876994, 0.08987561100917968, 0.9023778102304167]
6.66 231 1 1545 34018.352446 inf 1 1 [34018.35] [-1084.766199406099, 0.8627235184287178, 0.4948803394925569, 7896.753740590524, 0.41085169457789456, 0.13141173587551253, -0.32959421005373013, 1.1000000000000227, 0.2246402094898629, 0.09007710699397858, 4.870209507655848, 75.0829681019723, 0.480364397459464, 0.18267814024281248, 0.7639548139457242, 43.450344712708585, 0.4782307951884715, 0.3451235626975582, -4.685839160174817, 258.92040565876994, 0.08987561100917968, 0.9023778102304167]
-5.24 -292 1 1531 45965.543577 inf 0 1 [] [-808.3678371276341, 0.32499692892049215, 0.995232209752038, 5535.794445977197, 0.10976665580854171, 0.04269197379712158, 5.986907907750755, 300.0, 0.016838797159393775, 0.001, -2.097679741403361, 300.0, 0.30544331513735345, 0.5113400703129743, 6.283185307179586, 242.4408632402584, 0.01, 0.3424744322866337, -5.1384826994912, 9.0, 0.01630245523116693, 0.9975079084177121]
5.3 288 1 1531 45965.543577 inf 1 1 [45965.54] [-808.3678371276341, 0.32499692892049215, 0.995232209752038, 5535.794445977197, 0.10976665580854171, 0.04269197379712158, 5.986907907750755, 300.0, 0.016838797159393775, 0.001, -2.097679741403361, 300.0, 0.30544331513735345, 0.5113400703129743, 6.283185307179586, 242.4408632402584, 0.01, 0.3424744322866337, -5.1384826994912, 9.0, 0.01630245523116693, 0.9975079084177121]
-10.98 -139 1 1534 42394.384991 inf 0 1 [] [-731.0, 0.3512917486404391, 0.7456894544846553, 8083.993594867174, 0.15950616464793388, 0.12407822658901974, 2.551141777818606, 273.48351712441456, 0.6971261170163099, 0.2956611606244981, -1.1651518985541218, 127.2323964316289, 0.047364465120649346, 0.12073768927922501, 4.3646274596306425, 204.2805469037851, 0.12106662616819319, 0.3856924869802357, 1.5095631602098891, 9.0, 0.011465893499484237, 0.8009755398190117]
4.86 315 1 1534 42394.384991 inf 1 1 [42394.38] [-731.0, 0.3512917486404391, 0.7456894544846553, 8083.993594867174, 0.15950616464793388, 0.12407822658901974, 2.551141777818606, 273.48351712441456, 0.6971261170163099, 0.2956611606244981, -1.1651518985541218, 127.2323964316289, 0.047364465120649346, 0.12073768927922501, 4.3646274596306425, 204.2805469037851, 0.12106662616819319, 0.3856924869802357, 1.5095631602098891, 9.0, 0.011465893499484237, 0.8009755398190117]
AEON sequence: [Planet Name: earth
Own gravity parameter: 398600441800000
Central body gravity parameter: 1.32712440018e+20
Planet radius: 6378000
Planet safe radius: 7015800.0000000009
Ephemerides type: JPL low-precision
, Planet Name: venus
Own gravity parameter: 324859000000000
Central body gravity parameter: 1.32712440018e+20
Planet radius: 6052000
Planet safe radius: 6657200.0000000009
Ephemerides type: JPL low-precision
, Planet Name: venus
Own gravity parameter: 324859000000000
Central body gravity parameter: 1.32712440018e+20
Planet radius: 6052000
Planet safe radius: 6657200.0000000009
Ephemerides type: JPL low-precision
, Planet Name: earth
Own gravity parameter: 398600441800000
Central body gravity parameter: 1.32712440018e+20
Planet radius: 6378000
Planet safe radius: 7015800.0000000009
Ephemerides type: JPL low-precision
, Planet Name: jupiter
Own gravity parameter: 1.26686534e+17
Central body gravity parameter: 1.32712440018e+20
Planet radius: 71492000
Planet safe radius: 643428000
Ephemerides type: JPL low-precision
, Planet Name: saturn
Own gravity parameter: 37931187000000000
Central body gravity parameter: 1.32712440018e+20
Planet radius: 60330000
Planet safe radius: 66363000.000000007
Ephemerides type: JPL low-precision
] de cpp -> cma cpp
2.67 575 1 1537 63139.958802 inf 0 1 [] [10035.597046209197, 0.1796387046739082, 1.0, 5483.495378693882, 0.0767829523590075, 0.09511232662573138, 2.330652003401109, 194.4581971135965, 0.03470992082426899, 0.19111193601871723, -1.5262591254929467, 188.29119024187912, 0.3686331768022735, 0.13047111975006248, -0.6776863267810815, 112.65681838161784, 0.6477437424238464, 0.5905470841603696, 6.164019134977247, 300.0, 0.04081334235087064, 0.9808757498141366]
6.97 220 1 1537 63139.958802 inf 1 1 [63139.96] [10035.597046209197, 0.1796387046739082, 1.0, 5483.495378693882, 0.0767829523590075, 0.09511232662573138, 2.330652003401109, 194.4581971135965, 0.03470992082426899, 0.19111193601871723, -1.5262591254929467, 188.29119024187912, 0.3686331768022735, 0.13047111975006248, -0.6776863267810815, 112.65681838161784, 0.6477437424238464, 0.5905470841603696, 6.164019134977247, 300.0, 0.04081334235087064, 0.9808757498141366]
-5.59 -272 1 1525 43328.328991 inf 0 1 [] [9950.3325313485, 0.54006653393046, 0.03281471736120767, 7889.481998809251, 0.3878667293749305, 0.11755495418905537, -4.643645469444853, 190.084335776636, 0.16851566973075954, 0.21595553633267228, 2.388035736437848, 227.09184402547893, 0.33746878088504284, 0.08886272202865436, 0.03867067233400268, 53.84766894713373, 0.04884539799040999, 0.446965766293594, 4.179390193345048, 75.43840219262272, 0.07363110231705877, 0.9519482419007879]
5.66 269 1 1525 43328.328991 inf 1 1 [43328.33] [9950.3325313485, 0.54006653393046, 0.03281471736120767, 7889.481998809251, 0.3878667293749305, 0.11755495418905537, -4.643645469444853, 190.084335776636, 0.16851566973075954, 0.21595553633267228, 2.388035736437848, 227.09184402547893, 0.33746878088504284, 0.08886272202865436, 0.03867067233400268, 53.84766894713373, 0.04884539799040999, 0.446965766293594, 4.179390193345048, 75.43840219262272, 0.07363110231705877, 0.9519482419007879]
AEON sequence: [Planet Name: earth
Own gravity parameter: 398600441800000
Central body gravity parameter: 1.32712440018e+20
Planet radius: 6378000
Planet safe radius: 7015800.0000000009
Ephemerides type: JPL low-precision
, Planet Name: venus
Own gravity parameter: 324859000000000
Central body gravity parameter: 1.32712440018e+20
Planet radius: 6052000
Planet safe radius: 6657200.0000000009
Ephemerides type: JPL low-precision
, Planet Name: venus
Own gravity parameter: 324859000000000
Central body gravity parameter: 1.32712440018e+20
Planet radius: 6052000
Planet safe radius: 6657200.0000000009
Ephemerides type: JPL low-precision
, Planet Name: earth
Own gravity parameter: 398600441800000
Central body gravity parameter: 1.32712440018e+20
Planet radius: 6378000
Planet safe radius: 7015800.0000000009
Ephemerides type: JPL low-precision
, Planet Name: jupiter
Own gravity parameter: 1.26686534e+17
Central body gravity parameter: 1.32712440018e+20
Planet radius: 71492000
Planet safe radius: 643428000
Ephemerides type: JPL low-precision
, Planet Name: saturn
Own gravity parameter: 37931187000000000
Central body gravity parameter: 1.32712440018e+20
Planet radius: 60330000
Planet safe radius: 66363000.000000007
Ephemerides type: JPL low-precision
] de cpp -> cma cpp
8.47 183 1 1553 27897.907658 inf 0 1 [] [12174.53389662645, 0.20823259558769033, 0.42587210603073145, 7445.295720177497, 0.4733597470704385, 0.22763272315866295, 0.25369997671259337, 173.99119987619645, 0.36114079886898437, 0.1561166558007714, 0.3078057599876185, 177.22295560806418, 0.43254043372301987, 0.5256839858709759, -0.8134426217668131, 188.26871913045832, 0.02038732631776234, 0.33851327065529735, 4.945175547872291, 90.4538436991088, 0.3380461092675766, 0.5652656349223588]
10.78 144 1 1553 27897.907658 inf 1 1 [27897.91] [12174.53389662645, 0.20823259558769033, 0.42587210603073145, 7445.295720177497, 0.4733597470704385, 0.22763272315866295, 0.25369997671259337, 173.99119987619645, 0.36114079886898437, 0.1561166558007714, 0.3078057599876185, 177.22295560806418, 0.43254043372301987, 0.5256839858709759, -0.8134426217668131, 188.26871913045832, 0.02038732631776234, 0.33851327065529735, 4.945175547872291, 90.4538436991088, 0.3380461092675766, 0.5652656349223588]
-4.53 -337 1 1527 28125.913713 inf 0 1 [] [12005.685964238342, 0.2491454607518706, 0.2305069697277023, 5455.451123715278, 0.4600232175628442, 0.27586017656394907, -1.0075548629341065, 186.32036670439513, 0.48566760375762524, 0.16758560751012336, 2.9808113714068183, 101.08314787567797, 0.5206065164109261, 0.24086253924039408, 0.35462774752342724, 53.79726902612131, 0.43840001141623797, 0.6035564504743588, 3.2978520195952044, 274.43956497172474, 0.28638429748858646, 0.9551180015963517]
8.51 179 1 1527 28125.913713 inf 1 1 [28125.91] [12005.685964238342, 0.2491454607518706, 0.2305069697277023, 5455.451123715278, 0.4600232175628442, 0.27586017656394907, -1.0075548629341065, 186.32036670439513, 0.48566760375762524, 0.16758560751012336, 2.9808113714068183, 101.08314787567797, 0.5206065164109261, 0.24086253924039408, 0.35462774752342724, 53.79726902612131, 0.43840001141623797, 0.6035564504743588, 3.2978520195952044, 274.43956497172474, 0.28638429748858646, 0.9551180015963517]
AEON sequence: [Planet Name: earth
Own gravity parameter: 398600441800000
Central body gravity parameter: 1.32712440018e+20
Planet radius: 6378000
Planet safe radius: 7015800.0000000009
Ephemerides type: JPL low-precision
, Planet Name: venus
Own gravity parameter: 324859000000000
Central body gravity parameter: 1.32712440018e+20
Planet radius: 6052000
Planet safe radius: 6657200.0000000009
Ephemerides type: JPL low-precision
, Planet Name: venus
Own gravity parameter: 324859000000000
Central body gravity parameter: 1.32712440018e+20
Planet radius: 6052000
Planet safe radius: 6657200.0000000009
Ephemerides type: JPL low-precision
, Planet Name: earth
Own gravity parameter: 398600441800000
Central body gravity parameter: 1.32712440018e+20
Planet radius: 6378000
Planet safe radius: 7015800.0000000009
Ephemerides type: JPL low-precision
, Planet Name: jupiter
Own gravity parameter: 1.26686534e+17
Central body gravity parameter: 1.32712440018e+20
Planet radius: 71492000
Planet safe radius: 643428000
Ephemerides type: JPL low-precision
, Planet Name: saturn
Own gravity parameter: 37931187000000000
Central body gravity parameter: 1.32712440018e+20
Planet radius: 60330000
Planet safe radius: 66363000.000000007
Ephemerides type: JPL low-precision
] de cpp -> cma cpp
4.67 332 4 1554 48647.544570 inf 0 1 [] [-795.1505315667443, 0.5408477600980981, 0.4655685793744588, 5404.862884280239, 0.7616302854803929, 0.17577850280897445, 3.4414069519186836, 89.99941704827174, 0.672884047926008, 0.11238610745647781, 1.694965772046913, 59.58701687367697, 0.41417705401625904, 0.07637798614708768, -0.21829538298725856, 214.60843806834674, 0.16530082374752925, 0.38862433008404795, 1.951558947121077, 45.40094030574876, 0.291613921508695, 0.999]
4.7 655 5 3083 37199.080409 inf 1 1 [48647.54] [-805.7992621616984, 0.845854771085021, 0.8479284795577189, 5378.017386757757, 0.6444630568350062, 0.18525689489065178, -0.7320593324143646, 17.986608048314025, 0.010000000000000009, 0.05547539624444214, -1.6686847938419944, 190.60006606393657, 0.6363648241403537, 0.16862655302999624, -4.635586142763658, 62.14711183402807, 0.17758729489509456, 0.24905737989886906, 0.6740197453297978, 122.96773766607237, 0.09449352514492165, 0.9090314989722484]
7.41 1044 8 7737 22020.907228 inf 4 1 [48647.54, 37199.08, 48668.11, 42974.67] [-824.371375387979, 0.7439642191905809, 0.12926251033276864, 3973.441970908818, 0.4082427089818896, 0.0980228936162821, 0.4943141786440245, 189.32781508964447, 0.5137040920497422, 0.02995762747829929, -4.561957738868932, 244.31712755032783, 0.5212612177381856, 0.17316154253610505, -6.283185307179586, 34.28684077051528, 0.07842227844595001, 0.21143091739093064, 1.8157787814468076, 130.29905326757287, 0.4550385227833211, 0.7736183120135189]
9.91 1722 14 17074 19927.915754 inf 10 1 [48647.54, 37199.08, 48668.11, 42974.67, 22020.91, 28360.58, 24636.97, 23623.76, 68120.37, 26575.01] [-788.7057439169807, 0.023258414586477424, 0.41362066413515897, 5608.5548595222, 0.015887624216754333, 0.054064105269144014, -6.252102009003156, 176.2230126236529, 0.01, 0.001, 0.9334176098901966, 211.0608955281891, 0.05805129078922367, 0.23691350737141265, 4.860831952212184, 1.1, 0.017162714948275398, 0.22155758501624434, 5.748664466152119, 264.02716313345934, 0.011716172989161243, 0.9700918382194693]
20.33 1905 28 38744 19218.071926 inf 24 1 [48647.54, 37199.08, 48668.11, 42974.67, 22020.91, 28360.58, 24636.97, 23623.76, 68120.37, 26575.01, 19927.92, 34860.02, 23402.69, 24700.29, 38793.85, 23940.4, 51522.91, 25105.81, 27818.32, 24394.35] [-873.4045478370999, 0.7758102387008858, 0.5062644264319425, 3413.0248228437167, 0.511382771954463, 0.10661689857868849, 1.1713788537671954, 128.45015460020895, 0.6926629431888469, 0.07209322131328882, 1.2099313615441345, 274.6641100027588, 0.33447204601450664, 0.10089012405058698, 3.8068997600171697, 300.0, 0.21463427946810004, 0.26976643905038244, 4.869129550100781, 100.6290648206716, 0.14345898614512317, 0.9534110835428709]
87.07 1860 104 162026 19203.615136 68120.37 100 2 [19218.07, 19290.38, 19789.55, 19927.92, 20120.39, 20740.47, 21670.08, 21769.2, 22020.91, 22182.0, 23402.69, 23510.35, 23609.28, 23623.76, 23940.4, 23957.52, 24025.0, 24052.71, 24130.85, 24181.64] [-801.878647222803, 0.600003954403002, 0.6421753793880549, 5212.534578938902, 0.5610261625463071, 0.04942893915249651, -0.7665283995011334, 204.80963384027882, 0.3597347122684942, 0.10216960620408294, -1.5100002572907338, 131.55117405223112, 0.5683676468557873, 0.09119954024160301, 4.431538568710721, 237.32327618626852, 0.2993680591103914, 0.2657007310282018, -0.8250332316253047, 207.47447115222704, 0.01, 0.8640557098639083]
88.19 1909 106 168404 18895.294158 68120.37 102 2 [19218.07, 19290.38, 19789.55, 19927.92, 20120.39, 20740.47, 21670.08, 21769.2, 22020.91, 22182.0, 23402.69, 23510.35, 23609.28, 23623.76, 23940.4, 23957.52, 24025.0, 24052.71, 24130.85, 24181.64] [-1095.0, 0.6407537383198743, 0.0, 3000.0, 0.01, 0.1485144134302569, 6.283185307179586, 37.11501096023623, 0.01, 0.001, 2.161292300594984, 180.16672208269432, 0.02842837545650826, 0.25334301217920563, 4.270245698936792, 1.1, 0.04144623361756124, 0.24183117387766428, -0.06750968389623321, 300.0, 0.07280511927372009, 0.9970697416615855]
93.6 1935 110 181120 17896.148007 68120.37 106 2 [19218.07, 19290.38, 19789.55, 19927.92, 20120.39, 20740.47, 21670.08, 21769.2, 22020.91, 22182.0, 23402.69, 23510.35, 23609.28, 23623.76, 23940.4, 23957.52, 24025.0, 24052.71, 24130.85, 24181.64] [-957.9562826606232, 0.6697588032848758, 0.4589466061432211, 5550.981229538331, 0.6167576233668859, 0.19690289883261014, -5.173413285725662, 1.1, 0.20013201263248456, 0.08229835954450891, 3.8467952167221107, 137.05415313571112, 0.08955519949806776, 0.26576677197792764, -1.560066397906001, 1.1, 0.010099277712553681, 0.2445163268629469, -4.687200255970066, 46.28891011598789, 0.052109819832284486, 0.996573579774924]
94.41 1952 111 184319 17668.261437 68120.37 107 2 [19218.07, 19290.38, 19789.55, 19927.92, 20120.39, 20740.47, 21670.08, 21769.2, 22020.91, 22182.0, 23402.69, 23510.35, 23609.28, 23623.76, 23940.4, 23957.52, 24025.0, 24052.71, 24130.85, 24181.64] [-745.4580149055178, 0.006773198302317374, 0.21775866013271605, 4011.3093685337126, 0.48591768543579794, 0.07714154770009962, 4.723485290710697, 185.92441728328714, 0.06443963208727299, 0.05397796110159042, -1.642824562345312, 253.8749528003475, 0.7316579498391022, 0.05740090874336218, -2.7005733497878213, 16.024231192868058, 0.024061638389436035, 0.20148379573071823, -1.5705226135675572, 68.83266226331648, 0.2838562586111533, 0.9246163625909288]
103.78 1929 116 200205 15932.730192 68120.37 111 2 [19218.07, 19290.38, 19789.55, 19927.92, 20120.39, 20740.47, 21670.08, 21769.2, 22020.91, 22182.0, 23402.69, 23510.35, 23609.28, 23623.76, 23940.4, 23957.52, 24025.0, 24052.71, 24130.85, 24181.64] [-778.3365676572207, 0.7347833404601688, 0.4172531409803608, 5339.550607043773, 0.27089586132000765, 0.10808850674270346, 2.8587926509372483, 7.387625913746909, 0.4571715516421498, 0.07365800032915557, -0.7867075193369732, 1.336945930883832, 0.39377535691882515, 0.13237257555376078, 5.085897460319382, 236.77684267738348, 0.031453256263376694, 0.20921524854820062, -5.343018592164996, 286.7876636796335, 0.4316107007934581, 0.8589114394851108]
119.18 1946 126 231988 15350.530403 68120.37 120 2 [19218.07, 19290.38, 19789.55, 19927.92, 20120.39, 20740.47, 21670.08, 21769.2, 22020.91, 22182.0, 23402.69, 23510.35, 23609.28, 23623.76, 23940.4, 23957.52, 24025.0, 24052.71, 24130.85, 24181.64] [-971.2612359256669, 0.4001184108049528, 0.5926522947841265, 4747.926736194528, 0.11180724786149784, 0.17302575605920462, 0.9279010103699531, 221.83598176499646, 0.32308932064646184, 0.07031351657740384, 4.276932506309688, 1.7851354587437402, 0.03550826525449087, 0.10454515423665174, 2.980023708465846, 55.01550746611987, 0.4459820701194296, 0.37458211608106906, 1.2937218368197847, 300.0, 0.033842450982624, 0.9986946422632111]
125.86 1969 131 247877 10981.311758 68120.37 125 2 [19218.07, 19290.38, 19789.55, 19927.92, 20120.39, 20740.47, 21670.08, 21769.2, 22020.91, 22182.0, 23402.69, 23510.35, 23609.28, 23623.76, 23940.4, 23957.52, 24025.0, 24052.71, 24130.85, 24181.64] [-980.8519743930678, 0.35259727140209485, 0.6442895639594312, 4143.973103487264, 0.06758906360549724, 0.17558533701046558, -3.1043557710798395, 120.2337323328722, 0.19986482317372412, 0.0740229973752072, -0.5822254730694232, 70.27649889123666, 0.12794404769189907, 0.12043829330479092, 4.5864762681814035, 1.1070878590898685, 0.04141229425569459, 0.22322183578481816, 1.2796642550736275, 255.94820434895115, 0.20871178794917217, 0.8149556095145281]
294.14 1972 224 580081 6342.948431 68120.37 204 3 [10981.31, 13502.71, 15350.53, 15385.41, 15614.36, 15726.36, 15932.73, 16449.47, 16702.89, 16812.9, 16914.98, 16920.99, 17075.1, 17448.83, 17668.26, 17741.97, 17818.61, 17896.15, 18034.97, 18059.3] [-978.0584019945991, 0.40964113731394025, 0.6577038277332231, 4428.272021189798, 0.024097899632347562, 0.17596518303290898, 1.7518803013539925, 6.511863354622429, 0.09290937482671086, 0.07792064118713388, 5.129261679791576, 1.6689705483132726, 0.055962400743663106, 0.11390597336384417, 4.33127108847116, 1.1, 0.06929649880279434, 0.22311877496959404, 1.2874949708890715, 185.81716436976802, 0.25247188017380495, 0.7888476059007614]
326.02 1987 238 647861 6242.516670 68120.37 216 3 [10981.31, 13502.71, 15350.53, 15385.41, 15614.36, 15726.36, 15932.73, 16449.47, 16702.89, 16812.9, 16914.98, 16920.99, 17075.1, 17448.83, 17668.26, 17741.97, 17818.61, 17896.15, 18034.97, 18059.3] [-950.9490046196287, 0.34579210442599473, 0.6625220691588884, 4528.088833634838, 0.10582890753168145, 0.1703978472759662, -4.199841314426342, 5.4127311055033696, 0.20004570541216357, 0.07796427269317743, -1.0949146588506726, 1.6989957914571703, 0.142141538562425, 0.11420318922136113, -1.669755660894829, 1.1000555970921138, 0.043595250554769704, 0.2233971655232016, 1.5466949738496805, 300.0, 0.2698155117933657, 0.8672947611240037]
459.03 1978 292 908361 5700.440532 68120.37 251 3 [10981.31, 13502.71, 15350.53, 15385.41, 15614.36, 15726.36, 15932.73, 16449.47, 16702.89, 16812.9, 16914.98, 16920.99, 17075.1, 17448.83, 17668.26, 17741.97, 17818.61, 17896.15, 18034.97, 18059.3] [-1071.1222913011927, 0.2722919832279824, 0.41772237892205155, 5953.542316297368, 0.12049388501290799, 0.15247340644781088, -1.4053244998438192, 2.1900105499813236, 0.06867231474054762, 0.145940563722699, 1.136868916026184, 5.003443561625206, 0.1930372984843603, 0.11564463553492235, -1.6758703767234526, 1.1, 0.04592134263263595, 0.2313219748262902, 1.486321952130953, 196.098600900646, 0.1422467899871814, 0.8782610872341265]
775.44 1919 386 1488811 0.000000 68120.37 318 4 [5700.44, 6342.95, 9777.58, 10538.42, 10613.68, 10822.57, 10981.31, 12572.17, 12926.9, 13338.88, 13465.2, 13502.71, 13644.52, 13726.58, 13789.36, 13954.01, 13967.96, 13993.82, 14102.77, 14535.56] [-984.7288521125137, 0.35056701830577675, 0.7114069755018144, 2999.9999999999995, 0.12389668752487504, 0.12973969984663714, -1.673574501926193, 7.848417861808757, 0.01784344834932236, 0.06553242800455147, -2.4706081117790144, 15.900242831754019, 0.5292448990749804, 0.11695866417289728, -1.846984787011578, 105.30740405841851, 0.16642822694816206, 0.2683942899098786, 1.4430488198267215, 242.27646590357847, 0.16485925113665267, 0.7556266564534411]
775.61 1931 388 1498081 0.000000 68120.37 320 4 [5700.44, 6342.95, 9777.58, 10538.42, 10613.68, 10822.57, 10981.31, 12572.17, 12926.9, 13338.88, 13465.2, 13502.71, 13644.52, 13726.58, 13789.36, 13954.01, 13967.96, 13993.82, 14102.77, 14535.56] [-829.0276290608738, 0.5740547302635683, 0.35937084678385145, 5067.971888455136, 0.057924754301123635, 0.29199999678790967, 1.3477353521394264, 3.9470560285455587, 0.19547790976054036, 0.045368651939344834, 4.739318219251812, 152.4752242585279, 0.4228300967576714, 0.12978337892916902, -1.6523124604475132, 1.1, 0.010026842174527451, 0.22438536819352306, 1.5074713736685017, 36.43433972530967, 0.09365085299660042, 0.9803586281064584]
AEON sequence: [Planet Name: earth
Own gravity parameter: 398600441800000
Central body gravity parameter: 1.32712440018e+20
Planet radius: 6378000
Planet safe radius: 7015800.0000000009
Ephemerides type: JPL low-precision
, Planet Name: venus
Own gravity parameter: 324859000000000
Central body gravity parameter: 1.32712440018e+20
Planet radius: 6052000
Planet safe radius: 6657200.0000000009
Ephemerides type: JPL low-precision
, Planet Name: venus
Own gravity parameter: 324859000000000
Central body gravity parameter: 1.32712440018e+20
Planet radius: 6052000
Planet safe radius: 6657200.0000000009
Ephemerides type: JPL low-precision
, Planet Name: earth
Own gravity parameter: 398600441800000
Central body gravity parameter: 1.32712440018e+20
Planet radius: 6378000
Planet safe radius: 7015800.0000000009
Ephemerides type: JPL low-precision
, Planet Name: jupiter
Own gravity parameter: 1.26686534e+17
Central body gravity parameter: 1.32712440018e+20
Planet radius: 71492000
Planet safe radius: 643428000
Ephemerides type: JPL low-precision
, Planet Name: saturn
Own gravity parameter: 37931187000000000
Central body gravity parameter: 1.32712440018e+20
Planet radius: 60330000
Planet safe radius: 66363000.000000007
Ephemerides type: JPL low-precision
] de cpp -> cma cpp
1.4 1114 4 1560 18800.648469 inf 0 1 [] [-943.4745746501815, 0.22210359298548243, 0.591030743276439, 7648.770443322195, 0.3935371615116278, 0.09270355348640816, -4.97843063610804, 130.04539569845525, 0.36770631163856293, 0.09858623788336152, 0.08395500064786354, 155.51954837058932, 0.271690554212365, 0.10572191134109797, 3.422778148976951, 258.17260644769374, 0.2560769756180756, 0.2464814471544003, -3.760365029638704, 213.0964865821043, 0.1333966309569931, 0.713592957560309]
29.95 2270 47 68010 16321.613715 inf 43 1 [18800.65, 26221.84, 25307.16, 38161.46, 33798.53, 25020.74, 26747.22, 27381.53, 26440.3, 30347.76, 21579.0, 36525.19, 25958.46, 37440.68, 26256.28, 26783.5, 28159.97, 46936.84, 29986.55, 31109.29] [-731.0264644403403, 0.16814390875480173, 0.4731350163225745, 8134.577778181096, 0.20252665763945898, 0.05850743200414963, -2.2240311112531552, 1.1, 0.1483036482714799, 0.16727233145885104, -6.283185307179586, 75.59236205850034, 0.15909849705696927, 0.17594075181692548, -0.6495855693693132, 1.1, 0.045534506836473004, 0.230839137472384, 1.0969661391581478, 197.66622915696874, 0.15433154987692727, 0.999]
77.59 2165 106 168036 13428.125995 70451.34 101 2 [16321.61, 18142.67, 18800.65, 19864.0, 20274.28, 20554.81, 20824.98, 21154.13, 21267.49, 21462.34, 21579.0, 21714.32, 21786.21, 22103.24, 22788.3, 23126.46, 23606.95, 24365.47, 24499.17, 24764.62] [-866.5349289624032, 0.6357590630311161, 0.5649774687262203, 4793.810802332811, 0.2860567169060039, 0.09532600879468832, -0.8957250140103452, 181.38167578050962, 0.5216953134815048, 0.10682196915584768, -1.200614054772043, 140.3300381455217, 0.185393404618665, 0.14113268490230585, -1.642369248959847, 1.1, 0.06596397514962254, 0.23283202575854045, -4.847251365159452, 284.34974337438723, 0.12188607851446366, 0.8926967853868517]
125.34 2175 139 272625 11767.663896 70451.34 125 2 [16321.61, 18142.67, 18800.65, 19864.0, 20274.28, 20554.81, 20824.98, 21154.13, 21267.49, 21462.34, 21579.0, 21714.32, 21786.21, 22103.24, 22788.3, 23126.46, 23606.95, 24365.47, 24499.17, 24764.62] [-925.4488737541337, 0.2882123673046733, 0.5236064914092939, 8669.357964589108, 0.4494568873141702, 0.12056118901971755, -4.3390022631228895, 9.522954369609804, 0.3636426582726303, 0.21655111214262518, -5.093664031623102, 152.02656037961106, 0.16766713701823022, 0.16618116379770825, -1.3649737092278702, 1.1000517315066447, 0.13174245680481406, 0.22932538872213212, -4.705231446759259, 22.13112471419888, 0.1606928377146288, 0.7981818463457172]
144.99 2209 154 320307 11677.675160 70451.34 140 2 [16321.61, 18142.67, 18800.65, 19864.0, 20274.28, 20554.81, 20824.98, 21154.13, 21267.49, 21462.34, 21579.0, 21714.32, 21786.21, 22103.24, 22788.3, 23126.46, 23606.95, 24365.47, 24499.17, 24764.62] [-923.0300686577968, 0.6034158134328473, 0.5270691072893607, 3013.5397187315393, 0.4272100345365487, 0.11679473873742188, 0.7057152726610789, 10.540526877505524, 0.3078968625354607, 0.07255252632869136, -6.0452031622279545, 179.16916235220714, 0.17236928255396758, 0.18533300987774132, -1.5920027195537165, 1.1000160255681282, 0.01, 0.21669398567391107, 0.33095559955355225, 295.5333421401406, 0.1718967887005559, 0.999]
243.76 2233 217 544368 11557.649767 70451.34 191 3 [11677.68, 11767.66, 12386.74, 12393.16, 13368.99, 13428.13, 13652.56, 14219.6, 14394.9, 14447.18, 15039.21, 15270.59, 15468.09, 15540.13, 15581.33, 15823.09, 15864.31, 15918.33, 16049.69, 16321.61] [-856.0177040265013, 0.46105202631850856, 0.5684225308417126, 6677.870445903204, 0.3323966408221532, 0.08444437216033468, 2.1200860498111425, 13.556083690920905, 0.12553397464498356, 0.1393614691501253, 4.710177223218089, 5.79701665480101, 0.11832062546636186, 0.10763938370680579, -1.8267428731241495, 1.1, 0.05347725288595438, 0.22152538710868688, 1.351286924139901, 294.9911220040631, 0.03519291665918495, 0.9064846241856674]
261.87 2241 226 586855 11356.466536 70451.34 197 3 [11677.68, 11767.66, 12386.74, 12393.16, 13368.99, 13428.13, 13652.56, 14219.6, 14394.9, 14447.18, 15039.21, 15270.59, 15468.09, 15540.13, 15581.33, 15823.09, 15864.31, 15918.33, 16049.69, 16321.61] [-872.5317466488618, 0.706059781103872, 0.6165029303232668, 3803.6822933955355, 0.5253619416200845, 0.09645459163055242, -1.7643196167439212, 121.57326794438735, 0.09188666153287264, 0.1039681475797489, 2.1068770816882996, 18.882235048355877, 0.30420104144375026, 0.14284334926612746, -1.6445611298451794, 1.1000052540054832, 0.010023190781272697, 0.21485957855063803, -4.900704354723937, 300.0, 0.2222874793340362, 0.8522175174396016]
286.6 2247 238 644103 10672.003467 70451.34 208 3 [11677.68, 11767.66, 12386.74, 12393.16, 13368.99, 13428.13, 13652.56, 14219.6, 14394.9, 14447.18, 15039.21, 15270.59, 15468.09, 15540.13, 15581.33, 15823.09, 15864.31, 15918.33, 16049.69, 16321.61] [-756.8118012452775, 0.2411138837821584, 0.40447266217223593, 8431.557700318168, 0.20961786780530658, 0.11957552512412545, -2.4490811538027377, 204.23483096653266, 0.137773348534595, 0.14118100189615262, -1.6859168646601694, 12.347960180601701, 0.1447067378111621, 0.1627951491415347, -0.9788803147715489, 135.82099515830197, 0.10368044563833115, 0.23351930029307152, 1.7117976489216404, 80.32313868132655, 0.05510427584789413, 0.9989555168062196]
339.43 2209 260 750094 8603.563757 70451.34 224 3 [11677.68, 11767.66, 12386.74, 12393.16, 13368.99, 13428.13, 13652.56, 14219.6, 14394.9, 14447.18, 15039.21, 15270.59, 15468.09, 15540.13, 15581.33, 15823.09, 15864.31, 15918.33, 16049.69, 16321.61] [-1066.2221928179406, 0.9967675622281014, 0.6607512116935663, 3432.7278138683314, 0.22960128130450386, 0.19376908958375133, -6.009470965165873, 1.1098394453957385, 0.34727895144954335, 0.08958904902856885, -1.28414500423488, 4.581145284175715, 0.16976946305302, 0.1209349378034362, 4.5899358058600805, 1.1890229423107679, 0.08903813477165481, 0.23603165114448624, 1.5741530981140368, 223.1486015013777, 0.01, 0.890442898950391]
445.88 2207 307 984462 7114.607357 70451.34 256 4 [8603.56, 9270.49, 9902.02, 10672.0, 11356.47, 11437.98, 11557.65, 11677.68, 11767.66, 12028.33, 12176.62, 12219.0, 12386.74, 12393.16, 12467.46, 12850.11, 13100.74, 13234.48, 13368.99, 13375.92] [-763.2550296000024, 0.22966115894062128, 0.5132825872115938, 7473.768279707748, 0.581482918602391, 0.13546265532357732, -1.720801323890032, 17.8124143481122, 0.15464366539570806, 0.1485220526284313, 4.962816031417838, 22.934859154579772, 0.12323828882192722, 0.15440862956881493, -1.5553892160122182, 1.1000863298380854, 0.09669010129823057, 0.2303412537092536, 1.5047174016815008, 58.00951350215979, 0.12513007034823687, 0.9980365543720731]
554.52 2245 349 1245302 6123.476253 70451.34 283 4 [8603.56, 9270.49, 9902.02, 10672.0, 11356.47, 11437.98, 11557.65, 11677.68, 11767.66, 12028.33, 12176.62, 12219.0, 12386.74, 12393.16, 12467.46, 12850.11, 13100.74, 13234.48, 13368.99, 13375.92] [-926.0535790919141, 0.30093509946638347, 0.5803163075474568, 9945.037109340345, 0.335023730956593, 0.12408407707468269, 5.067403697474126, 56.28599000298048, 0.3154048188209283, 0.1911398830370794, -0.9999806420587155, 2.2480814453696762, 0.13822537142749775, 0.18707919263275558, -1.6029212808652722, 1.1032012095854757, 0.12759557816251377, 0.24280342404978392, -4.673147018747372, 39.333088228961664, 0.10761511038093607, 0.9897281870650773]
1151.22 2190 516 2522028 6115.016230 70451.34 391 6 [6123.48, 6396.51, 6633.89, 6737.87, 6849.66, 7114.61, 7135.75, 7183.57, 7256.18, 7654.4, 7816.4, 7820.75, 7919.21, 7995.85, 8302.91, 8502.33, 8511.65, 8603.56, 8831.75, 9079.48] [-932.8739465479397, 0.35814704143915205, 0.6500667386451359, 4340.628992680964, 0.06013929459275544, 0.10648046576686548, 4.4806791784931805, 1.3880021204756394, 0.3484774566081469, 0.14384658346014087, 0.3123682343489985, 2.5370083698104127, 0.20232608349771664, 0.11087469089174881, -1.602003344191934, 1.1024101632665007, 0.060050194629468076, 0.20912321785254312, -4.6846148462173085, 88.96170253288581, 0.05095006475649305, 0.6777666952047895]
1182.56 2196 524 2597251 5762.865391 70451.34 393 6 [6123.48, 6396.51, 6633.89, 6737.87, 6849.66, 7114.61, 7135.75, 7183.57, 7256.18, 7654.4, 7816.4, 7820.75, 7919.21, 7995.85, 8302.91, 8502.33, 8511.65, 8603.56, 8831.75, 9079.48] [-738.0834372572954, 0.286571927358374, 0.45775236546289155, 8056.302517739964, 0.518644392477877, 0.12480317116880502, 5.895367677385469, 31.943645908616297, 0.18359348901000028, 0.14661190771154908, 4.565281938056959, 11.779497510585928, 0.2595654329448278, 0.16309742477396783, -1.5372121575192152, 1.100120494314374, 0.07204928709438935, 0.2265541018255473, 1.5345540627958763, 54.398053129659445, 0.06020628827916176, 0.9980980079321917]
1353.61 2212 565 2994994 5723.389764 70451.34 420 6 [6123.48, 6396.51, 6633.89, 6737.87, 6849.66, 7114.61, 7135.75, 7183.57, 7256.18, 7654.4, 7816.4, 7820.75, 7919.21, 7995.85, 8302.91, 8502.33, 8511.65, 8603.56, 8831.75, 9079.48] [-732.4485951800665, 0.303907166201973, 0.44089709310374153, 8175.090158299038, 0.3042662486747263, 0.12204291900333147, 2.9871894366129377, 35.007511028402504, 0.13576361701281925, 0.1462340505271893, -1.8937196215154755, 10.36730838608354, 0.46439117999058643, 0.16337480723486603, -1.6114287704235553, 1.100085549650105, 0.09562131330399001, 0.22701422216508713, 1.5237921722789851, 54.19887414326713, 0.10108892147586665, 0.9988924101299052]
1528.56 2216 606 3388264 5513.266093 70451.34 437 7 [5723.39, 6115.02, 6123.48, 6177.67, 6396.51, 6633.89, 6643.73, 6737.87, 6811.07, 6849.66, 6855.61, 7114.61, 7135.75, 7183.57, 7256.18, 7654.4, 7816.4, 7820.75, 7919.21, 7995.85] [-733.4955963788276, 0.29505200116017816, 0.4436772186298048, 8557.19479430376, 0.43906944893531885, 0.12207348695656983, 2.7779257448558474, 130.32560003130817, 0.042923630904990136, 0.14625549518870248, -1.886514598707074, 10.193378221377495, 0.2541799333907953, 0.16358000968475422, -1.616084949642055, 1.100294254903901, 0.10081891754915438, 0.22745021224639247, 1.5265626410930653, 54.17471056617465, 0.0738587161619925, 0.9989995742921391]
1533.09 2224 608 3411105 5198.550104 70451.34 439 7 [5723.39, 6115.02, 6123.48, 6177.67, 6396.51, 6633.89, 6643.73, 6737.87, 6811.07, 6849.66, 6855.61, 7114.61, 7135.75, 7183.57, 7256.18, 7654.4, 7816.4, 7820.75, 7919.21, 7995.85] [-731.2591190381484, 0.2908410334406297, 0.4343097068680554, 9431.213730485402, 0.4706092534182533, 0.11985487824574233, 3.105643940858711, 54.4459609741389, 0.11088177510450604, 0.14606348271156144, 4.182653986514956, 6.130701859000087, 0.24218370680125723, 0.16626041639659966, -1.5694844091990499, 1.1001144329978625, 0.09449931130216174, 0.2264359608939075, 1.5312488999330471, 53.13290680726919, 0.12344625324265095, 0.9983751271764828]
1643.17 2227 630 3660141 3910.161933 70451.34 457 7 [5723.39, 6115.02, 6123.48, 6177.67, 6396.51, 6633.89, 6643.73, 6737.87, 6811.07, 6849.66, 6855.61, 7114.61, 7135.75, 7183.57, 7256.18, 7654.4, 7816.4, 7820.75, 7919.21, 7995.85] [-1036.5477320928908, 0.04135570120560542, 0.45167363207508915, 6110.8490961615535, 0.018660495252463292, 0.17731265646197736, 1.6356147572549915, 6.945501062876159, 0.19557539802839613, 0.07622606342869476, -1.6760185930413556, 1.101321796573535, 0.010548740154237825, 0.022539162560068507, 4.778091156893306, 1.103140499926953, 0.01, 0.20677049150373103, -1.5338411948152542, 108.62013613656583, 0.21995352870531107, 0.7847729132030876]
3904.43 2243 1000 8760731 3910.161933 19073.13 450 11 [3910.16, 4085.52, 4154.68, 4888.73, 4976.94, 5119.6, 5233.97, 5322.9, 5342.47, 5419.85, 5557.13, 5638.2, 5654.99, 5658.05, 5723.39, 5900.42, 5983.48, 6044.11, 6115.02, 6123.48] [-1036.5477320928908, 0.04135570120560542, 0.45167363207508915, 6110.8490961615535, 0.018660495252463292, 0.17731265646197736, 1.6356147572549915, 6.945501062876159, 0.19557539802839613, 0.07622606342869476, -1.6760185930413556, 1.101321796573535, 0.010548740154237825, 0.022539162560068507, 4.778091156893306, 1.103140499926953, 0.01, 0.20677049150373103, -1.5338411948152542, 108.62013613656583, 0.21995352870531107, 0.7847729132030876]
-3902.01 0 4 1537 25598.756081 inf 0 1 [] [-894.7707235369438, 0.37306267105913865, 0.934516351111474, 4052.5616856561155, 0.5778229895868825, 0.07044338853746601, -3.717671914681536, 288.36966811874436, 0.6291529350378715, 0.10329455378145352, 0.1610092667263158, 29.602237411411537, 0.5202457326520836, 0.08426630888285269, -2.3635933052084126, 166.79833938384596, 0.38144039695373405, 0.2644263771046249, -0.7075463040357862, 126.71845961967574, 0.010000000000000009, 0.8875651047674065]
-3901.85 -1 7 6148 20225.892646 inf 3 1 [25598.76, 31560.91, 29584.0] [-813.1170442399391, 0.8546447633870844, 0.6254599290994064, 3000.0, 0.49532659445612237, 0.04626463323576191, -0.7690595662203192, 300.0, 0.01, 0.06695060392433134, 0.10198400977023198, 215.26870247171325, 0.07947843998018927, 0.2856947669464831, -1.3042267542411643, 77.11325035921107, 0.18562624744792966, 0.2583202797401185, -4.513568415297117, 75.97621133788452, 0.05232073579065204, 0.9957879173381321]
-3839.79 -37 97 144979 19625.311863 inf 93 1 [25598.76, 31560.91, 29584.0, 20225.89, 41162.02, 37576.14, 54642.63, 32042.34, 21456.66, 29074.01, 45862.66, 24032.08, 42512.27, 27007.11, 35922.29, 28661.84, 29553.3, 29559.06, 34458.14, 49489.16] [-1023.798015580061, 0.04760468375637253, 0.3516660396360116, 6863.6562019546245, 0.6713456752797904, 0.1743104035589005, -5.081662019437422, 121.3877991991047, 0.13439592316364724, 0.07444308785960425, 3.8604751533851456, 10.434874282039374, 0.03347265899187309, 0.042901048839479046, 2.597726921535295, 83.77378616756803, 0.3360728413505384, 0.29222703442579656, 6.111981563937613, 249.0027096140529, 0.3726326740169138, 0.8549995695762898]
-3829.71 -42 105 164603 12759.734838 61666.48 100 2 [19625.31, 20225.89, 20764.25, 21456.66, 21700.45, 21932.41, 22396.71, 22462.47, 22623.2, 22726.06, 22962.77, 23048.35, 23402.66, 23420.68, 23824.92, 23828.58, 23957.09, 24032.08, 24185.58, 24321.78] [-804.8452265464083, 0.7718449803878961, 0.3406978803650935, 3015.3382921575426, 0.4295320549011106, 0.09234660919451637, -0.04200308406254588, 3.349992126945824, 0.20818591486987825, 0.07111481537203387, 3.792932186164049, 124.23259154339421, 0.3879533677030568, 0.15054117289200836, 4.610403099120898, 1.1, 0.046512583592925476, 0.21006105507298745, 1.5989331084659757, 233.61784760696213, 0.08454073599872067, 0.8620746780194171]
-3770.21 -78 147 297796 11376.385321 61666.48 140 2 [19625.31, 20225.89, 20764.25, 21456.66, 21700.45, 21932.41, 22396.71, 22462.47, 22623.2, 22726.06, 22962.77, 23048.35, 23402.66, 23420.68, 23824.92, 23828.58, 23957.09, 24032.08, 24185.58, 24321.78] [-782.5582747311992, 0.8230510818228851, 0.3991177346175052, 3749.9489316626937, 0.4205476255735402, 0.08373744567577109, 3.0869619706651203, 24.46925221320474, 0.2670184768146285, 0.0702389078240505, -2.44822196548595, 2.368833775096533, 0.12257378042796002, 0.15308325173357507, -1.92234112522303, 1.1, 0.14591503474634876, 0.22665417841033533, 2.178236941765028, 300.0, 0.01686565052563957, 0.9708429824915987]
-3636.53 -166 230 606323 9528.019636 61666.48 209 3 [11376.39, 12236.89, 12759.73, 13121.46, 13825.48, 14268.05, 14422.89, 14456.83, 14843.61, 14919.91, 15098.98, 15128.53, 15607.31, 15608.39, 15759.23, 15801.04, 15821.94, 16115.32, 16137.73, 16793.4] [-916.9199399465447, 0.9975762717782626, 0.813121082117323, 4353.832296020178, 0.6269447021778387, 0.1485069599950666, -3.9962700928090467, 245.5052953136813, 0.05556077210747655, 0.15092155558332052, -2.785196914000221, 16.117574326714045, 0.19981645947551746, 0.2328812444453559, -1.4890023990951369, 1.1, 0.1088165401846768, 0.22595955059793416, 1.5387725754752613, 30.991351749460787, 0.01, 0.9985700882620232]
-3497.99 -263 296 923267 8173.994347 61666.48 256 3 [11376.39, 12236.89, 12759.73, 13121.46, 13825.48, 14268.05, 14422.89, 14456.83, 14843.61, 14919.91, 15098.98, 15128.53, 15607.31, 15608.39, 15759.23, 15801.04, 15821.94, 16115.32, 16137.73, 16793.4] [-787.263639896683, 0.7987072256120537, 0.42979678596610305, 5075.458815442524, 0.4235062713842968, 0.08264264084318579, 0.07487538063700963, 1.10042242601313, 0.20500487927358513, 0.06998414242473266, -0.44581611331575566, 1.1, 0.4912788113491635, 0.15698076512386702, -1.346343157433953, 1.1000498404988, 0.05431264231547625, 0.21236847512917492, 1.1320459836374095, 291.24810282725673, 0.01, 0.8440295092990711]
-3303.03 -412 366 1363572 7815.761771 61666.48 299 4 [8173.99, 9528.02, 10431.87, 10936.78, 11376.39, 11988.52, 12236.89, 12488.08, 12668.03, 12715.46, 12759.73, 13121.46, 13201.16, 13418.6, 13505.69, 13606.14, 13825.48, 14075.6, 14259.58, 14268.05] [-795.8180531457549, 0.7693465287805272, 0.44890345324179537, 6565.248288272388, 0.6683370237657394, 0.08480084957730416, 3.8254220873715514, 8.738693299135583, 0.6059929465237341, 0.106364730182858, -0.9204210654019565, 2.1242839604264, 0.2916719121032817, 0.13991814374821865, -1.712795540947021, 1.1000056142459271, 0.07935352979317205, 0.21162822057120992, 0.310710789001277, 299.77384492404826, 0.024388410236480217, 0.9772055240161182]
-3188.88 -508 405 1620831 6772.861360 61666.48 323 5 [7815.76, 8298.49, 8948.64, 9446.5, 9528.02, 9631.78, 9890.83, 10399.95, 10431.87, 10789.75, 10936.78, 11128.19, 11178.66, 11376.39, 11427.87, 11988.52, 12236.89, 12241.63, 12488.08, 12569.16] [-794.0723843750679, 0.8555828208929598, 0.3994810827144939, 6242.566680019707, 0.7842847616604591, 0.08693648790973627, 4.045015537745108, 20.60582599717643, 0.6067512397304597, 0.10556217477650925, -1.139261312717038, 2.232436184353032, 0.3775593884569249, 0.14361188849061907, 4.648816445024405, 1.1, 0.010108762068973744, 0.20696104288687628, -1.218367513044489, 293.942177790385, 0.029144948875362814, 0.9989369484856165]
-3073.74 -609 437 1873828 5826.296016 61666.48 342 5 [7815.76, 8298.49, 8948.64, 9446.5, 9528.02, 9631.78, 9890.83, 10399.95, 10431.87, 10789.75, 10936.78, 11128.19, 11178.66, 11376.39, 11427.87, 11988.52, 12236.89, 12241.63, 12488.08, 12569.16] [-1069.2624714709154, 0.9999960766111538, 0.3752493276322587, 3612.5733806647454, 0.7138110691561531, 0.18478660375565914, 2.2878769911454837, 5.544921743300128, 0.19263813632334043, 0.07855039831810082, -1.840468786082643, 1.6827854757025995, 0.01, 0.16858849173316623, 4.821839651349652, 1.1002292025893767, 0.010040465988562109, 0.22330090353978005, 1.3771088538322174, 285.1086325265203, 0.1518125864081472, 0.9622776204972607]
-2796.65 -893 513 2497433 3667.044212 61666.48 386 6 [5826.3, 6772.86, 7885.56, 8298.49, 8948.64, 9446.5, 9528.02, 9631.78, 9890.83, 9972.18, 10218.41, 10377.5, 10399.95, 10563.67, 10636.04, 10789.75, 10859.29, 10936.78, 11128.19, 11178.66] [-1029.6123152068408, 0.30257642253278483, 0.061562124504903976, 8408.642727494032, 0.4511258754000745, 0.13337459800914103, -2.4626851773819887, 1.1000087544801405, 0.1277577247043415, 0.14815971022917926, -2.285647006686217, 1.2236306725462556, 0.5077106618091235, 0.26475352419169373, 4.695759147211467, 1.1001208384649679, 0.05555557967240142, 0.24595473707398138, -4.705112020369316, 32.977571263791404, 0.01, 0.998697028541812]
53.22 135187 904 7194686 0.000000 22376.81 453 10 [3667.04, 4860.13, 5362.52, 5674.47, 5762.93, 5774.83, 5785.88, 5831.72, 6011.23, 6180.9, 6336.75, 6552.75, 6639.61, 6824.82, 6842.35, 6869.12, 6894.12, 6973.53, 7001.49, 7077.14] [-1095.0, 0.0, 0.22981078749197048, 10000.0, 0.5423222274140217, 0.1252364651763678, 0.5977219337660031, 9.757840420058752, 0.4983896573694511, 0.28080869756994864, -4.25717193644667, 1.1, 0.29824316422013974, 0.05193017144545964, -6.283185307179586, 1.1002841474922591, 0.010000000000000009, 0.3090186229326135, 1.6578071590297965, 9.0, 0.010883571166141973, 0.9982599996994803]
53.58 134720 907 7218315 0.000000 22376.81 456 10 [3667.04, 4860.13, 5362.52, 5674.47, 5762.93, 5774.83, 5785.88, 5831.72, 6011.23, 6180.9, 6336.75, 6552.75, 6639.61, 6824.82, 6842.35, 6869.12, 6894.12, 6973.53, 7001.49, 7077.14] [-1020.997299028031, 0.22617406116388966, 0.5203025355408949, 4154.105109794489, 0.23101194142993417, 0.2737902412835537, 1.5939976375824945, 4.332270785331538, 0.30608328477022395, 0.08452274974947302, -1.6662501651614154, 1.4710789969567075, 0.011342192803034671, 0.18387830609206396, -1.4145381120924236, 1.1001885889420064, 0.039926507884149774, 0.24637273238055404, -4.589812321666531, 255.52616478674136, 0.02390697876731314, 0.9903480472513908]
